[ 2018-06-19T15:59:33+08:00 ] 222.128.178.57 /index.php?s=/admin/public/login.html
INFO: [ app_begin ] --START--
INFO: Run Think\Behavior\ReadHtmlCache [ RunTime:0.000012s ]
INFO: [ app_begin ] --END-- [ RunTime:0.000189s ]
INFO: [ action_begin ] --START--
INFO: [ action_begin ] --END-- [ RunTime:0.000007s ]
NOTIC: [2] mysqli::__construct(): (HY000/1045): Access denied for user 'root'@'localhost' (using password: YES) /home/wwwroot/project-V1.0.0/www/ThinkPHP/Library/Think/Db/Driver/Mysqli.class.php 第 44 行.
ERR: Access denied for user 'root'@'localhost' (using password: YES)

[ 2018-06-19T15:59:39+08:00 ] 222.128.178.57 /index.php?s=/admin/public/login.html
INFO: [ app_begin ] --START--
INFO: Run Think\Behavior\ReadHtmlCache [ RunTime:0.000011s ]
INFO: [ app_begin ] --END-- [ RunTime:0.000177s ]
INFO: [ action_begin ] --START--
INFO: [ action_begin ] --END-- [ RunTime:0.000008s ]

[ 2018-06-19T15:59:55+08:00 ] 222.128.178.57 /index.php?s=/admin/public/login.html
INFO: [ app_begin ] --START--
INFO: Run Think\Behavior\ReadHtmlCache [ RunTime:0.000011s ]
INFO: [ app_begin ] --END-- [ RunTime:0.000190s ]
INFO: [ action_begin ] --START--
INFO: [ action_begin ] --END-- [ RunTime:0.000007s ]
NOTIC: [2] mysqli::__construct(): (HY000/1045): Access denied for user 'root'@'localhost' (using password: YES) /home/wwwroot/project-V1.0.0/www/ThinkPHP/Library/Think/Db/Driver/Mysqli.class.php 第 44 行.
ERR: Access denied for user 'root'@'localhost' (using password: YES)

[ 2018-06-19T16:00:25+08:00 ] 222.128.178.57 /index.php?s=/admin/public/login.html
INFO: [ app_begin ] --START--
INFO: Run Think\Behavior\ReadHtmlCache [ RunTime:0.000011s ]
INFO: [ app_begin ] --END-- [ RunTime:0.000199s ]
INFO: [ action_begin ] --START--
INFO: [ action_begin ] --END-- [ RunTime:0.000008s ]

[ 2018-06-19T16:00:32+08:00 ] 222.128.178.57 /index.php?s=/admin/public/login.html
INFO: [ app_begin ] --START--
INFO: Run Think\Behavior\ReadHtmlCache [ RunTime:0.000018s ]
INFO: [ app_begin ] --END-- [ RunTime:0.000190s ]
INFO: [ action_begin ] --START--
INFO: [ action_begin ] --END-- [ RunTime:0.000009s ]
NOTIC: [2] mysqli::__construct(): (HY000/1045): Access denied for user 'root'@'localhost' (using password: YES) /home/wwwroot/project-V1.0.0/www/ThinkPHP/Library/Think/Db/Driver/Mysqli.class.php 第 44 行.
ERR: Access denied for user 'root'@'localhost' (using password: YES)

[ 2018-06-19T16:00:33+08:00 ] 222.128.178.57 /index.php?s=/admin/public/login.html
INFO: [ app_begin ] --START--
INFO: Run Think\Behavior\ReadHtmlCache [ RunTime:0.000013s ]
INFO: [ app_begin ] --END-- [ RunTime:0.000208s ]
INFO: [ action_begin ] --START--
INFO: [ action_begin ] --END-- [ RunTime:0.000007s ]

[ 2018-06-19T16:00:34+08:00 ] 222.128.178.57 /index.php?s=/admin/public/login.html
INFO: [ app_begin ] --START--
INFO: Run Think\Behavior\ReadHtmlCache [ RunTime:0.000011s ]
INFO: [ app_begin ] --END-- [ RunTime:0.000199s ]
INFO: [ action_begin ] --START--
INFO: [ action_begin ] --END-- [ RunTime:0.000010s ]

[ 2018-06-19T16:00:34+08:00 ] 222.128.178.57 /index.php?s=/admin/public/login.html
INFO: [ app_begin ] --START--
INFO: Run Think\Behavior\ReadHtmlCache [ RunTime:0.000010s ]
INFO: [ app_begin ] --END-- [ RunTime:0.000176s ]
INFO: [ action_begin ] --START--
INFO: [ action_begin ] --END-- [ RunTime:0.000008s ]

[ 2018-06-19T16:00:34+08:00 ] 222.128.178.57 /index.php?s=/admin/public/login.html
INFO: [ app_begin ] --START--
INFO: Run Think\Behavior\ReadHtmlCache [ RunTime:0.000011s ]
INFO: [ app_begin ] --END-- [ RunTime:0.000209s ]
INFO: [ action_begin ] --START--
INFO: [ action_begin ] --END-- [ RunTime:0.000008s ]

[ 2018-06-19T16:00:34+08:00 ] 222.128.178.57 /index.php?s=/admin/public/login.html
INFO: [ app_begin ] --START--
INFO: Run Think\Behavior\ReadHtmlCache [ RunTime:0.000011s ]
INFO: [ app_begin ] --END-- [ RunTime:0.000239s ]
INFO: [ action_begin ] --START--
INFO: [ action_begin ] --END-- [ RunTime:0.000007s ]

[ 2018-06-19T16:00:34+08:00 ] 222.128.178.57 /index.php?s=/admin/public/login.html
INFO: [ app_begin ] --START--
INFO: Run Think\Behavior\ReadHtmlCache [ RunTime:0.000010s ]
INFO: [ app_begin ] --END-- [ RunTime:0.000177s ]
INFO: [ action_begin ] --START--
INFO: [ action_begin ] --END-- [ RunTime:0.000007s ]

[ 2018-06-19T16:00:35+08:00 ] 222.128.178.57 /index.php?s=/admin/public/login.html
INFO: [ app_begin ] --START--
INFO: Run Think\Behavior\ReadHtmlCache [ RunTime:0.000011s ]
INFO: [ app_begin ] --END-- [ RunTime:0.000181s ]
INFO: [ action_begin ] --START--
INFO: [ action_begin ] --END-- [ RunTime:0.000015s ]

[ 2018-06-19T16:00:41+08:00 ] 222.128.178.57 /index.php?s=/admin/public/login.html
INFO: [ app_begin ] --START--
INFO: Run Think\Behavior\ReadHtmlCache [ RunTime:0.000021s ]
INFO: [ app_begin ] --END-- [ RunTime:0.000233s ]
INFO: [ action_begin ] --START--
INFO: [ action_begin ] --END-- [ RunTime:0.000010s ]
NOTIC: [2] mysqli::__construct(): (HY000/1045): Access denied for user 'root'@'localhost' (using password: YES) /home/wwwroot/project-V1.0.0/www/ThinkPHP/Library/Think/Db/Driver/Mysqli.class.php 第 44 行.
ERR: Access denied for user 'root'@'localhost' (using password: YES)

[ 2018-06-19T16:02:46+08:00 ] 222.128.178.57 /index.php?s=/admin/public/login.html
INFO: [ app_begin ] --START--
INFO: Run Think\Behavior\ReadHtmlCache [ RunTime:0.000013s ]
INFO: [ app_begin ] --END-- [ RunTime:0.000194s ]
INFO: [ action_begin ] --START--
INFO: [ action_begin ] --END-- [ RunTime:0.000007s ]

[ 2018-06-19T16:02:55+08:00 ] 222.128.178.57 /index.php?s=/admin/public/login.html
INFO: [ app_begin ] --START--
INFO: Run Think\Behavior\ReadHtmlCache [ RunTime:0.000010s ]
INFO: [ app_begin ] --END-- [ RunTime:0.000191s ]
INFO: [ action_begin ] --START--
INFO: [ action_begin ] --END-- [ RunTime:0.000007s ]
NOTIC: [2] mysqli::__construct(): (HY000/1045): Access denied for user 'root'@'localhost' (using password: YES) /home/wwwroot/project-V1.0.0/www/ThinkPHP/Library/Think/Db/Driver/Mysqli.class.php 第 44 行.
ERR: Access denied for user 'root'@'localhost' (using password: YES)

[ 2018-06-19T16:04:28+08:00 ] 222.128.178.57 /index.php?s=/admin/public/login.html
INFO: [ app_begin ] --START--
INFO: Run Think\Behavior\ReadHtmlCache [ RunTime:0.000011s ]
INFO: [ app_begin ] --END-- [ RunTime:0.000205s ]
INFO: [ action_begin ] --START--
INFO: [ action_begin ] --END-- [ RunTime:0.000008s ]

[ 2018-06-19T16:04:50+08:00 ] 222.128.178.57 /index.php?s=/admin/public/login.html
INFO: [ app_begin ] --START--
INFO: Run Think\Behavior\ReadHtmlCache [ RunTime:0.000011s ]
INFO: [ app_begin ] --END-- [ RunTime:0.000214s ]
INFO: [ action_begin ] --START--
INFO: [ action_begin ] --END-- [ RunTime:0.000009s ]
SQL: SHOW COLUMNS FROM `pro_ucenter_member` [ RunTime:0.000596s ]
SQL: SELECT * FROM `pro_ucenter_member` WHERE ( `username` = 'root' ) LIMIT 1   [ RunTime:0.000168s ]
SQL: UPDATE `pro_ucenter_member` SET `last_login_time`=1529395490,`last_login_ip`='3732976185' WHERE ( `id` = 1 ) [ RunTime:0.000187s ]
SQL: SHOW COLUMNS FROM `pro_member` [ RunTime:0.000398s ]
SQL: SELECT `uid`,`nickname`,`sex`,`birthday`,`qq`,`score`,`login`,`reg_ip`,`reg_time`,`last_login_ip`,`last_login_time`,`status` FROM `pro_member` WHERE ( `uid` = 1 ) LIMIT 1   [ RunTime:0.000155s ]
SQL: SHOW COLUMNS FROM `pro_action` [ RunTime:0.000362s ]
SQL: SELECT * FROM `pro_action` WHERE ( `name` = 'user_login' ) LIMIT 1   [ RunTime:0.000150s ]
SQL: SHOW COLUMNS FROM `pro_action_log` [ RunTime:0.000371s ]
SQL: INSERT INTO `pro_action_log` (`action_id`,`user_id`,`action_ip`,`model`,`record_id`,`create_time`,`remark`) VALUES (1,1,3732976185,'member',1,1529395490,'操作url：/index.php?s=/admin/public/login.html') [ RunTime:0.000172s ]
SQL: SELECT * FROM `pro_action` WHERE ( `name` = 'user_login' ) LIMIT 1   [ RunTime:0.000125s ]
NOTIC: [8] Undefined offset: 1 /home/wwwroot/project-V1.0.0/www/Application/Common/Common/function.php 第 605 行.
NOTIC: [2] array_key_exists() expects parameter 2 to be array, null given /home/wwwroot/project-V1.0.0/www/Application/Common/Common/function.php 第 605 行.
SQL: SELECT COUNT(*) AS tp_count FROM `pro_action_log` WHERE ( `action_id` = 1 ) AND ( `user_id` = 1 ) AND ( `create_time` > 1529309090 ) LIMIT 1   [ RunTime:0.000210s ]
SQL: UPDATE `pro_member` SET `login`=`login`+1,`last_login_time`=1529395490,`last_login_ip`='3732976185' WHERE ( `uid` = 1 ) [ RunTime:0.000152s ]

